<?xml version="1.0" encoding="utf-8" standalone="no"?>
<!--This file represents the results of running a test suite-->
<test-results name="C:\Users\SV\Documents\visual studio 2012\Projects\CommandParser\CommandParserTest\bin\Debug\CommandParserTest.dll" total="9" errors="0" failures="0" not-run="0" inconclusive="0" ignored="0" skipped="0" invalid="0" date="2015-09-20" time="16:34:31">
  <environment nunit-version="2.6.4.14350" clr-version="2.0.50727.8009" os-version="Microsoft Windows NT 6.2.9200.0" platform="Win32NT" cwd="C:\Users\SV\Documents\visual studio 2012\Projects\CommandParser\CommandParserTest\bin\Debug" machine-name="SERGEY" user="SV" user-domain="Sergey" />
  <culture-info current-culture="ru-RU" current-uiculture="ru-RU" />
  <test-suite type="Assembly" name="C:\Users\SV\Documents\visual studio 2012\Projects\CommandParser\CommandParserTest\bin\Debug\CommandParserTest.dll" executed="True" result="Success" success="True" time="0.018" asserts="0">
    <results>
      <test-suite type="Namespace" name="CommandParserTest" executed="True" result="Success" success="True" time="0.018" asserts="0">
        <results>
          <test-suite type="TestFixture" name="CommandParserTest" executed="True" result="Success" success="True" time="0.017" asserts="0">
            <results>
              <test-case name="CommandParserTest.CommandParserTest.CommandParserEmptyArgsTest" executed="True" result="Success" success="True" time="0.000" asserts="1" />
              <test-case name="CommandParserTest.CommandParserTest.CommandParserHelpArgTest" executed="True" result="Success" success="True" time="0.000" asserts="1" />
              <test-case name="CommandParserTest.CommandParserTest.CommandParserHelpIsNotFirstArgTest" executed="True" result="Success" success="True" time="0.000" asserts="1" />
              <test-case name="CommandParserTest.CommandParserTest.CommandParserHelpSignArgTest" executed="True" result="Success" success="True" time="0.000" asserts="1" />
              <test-case name="CommandParserTest.CommandParserTest.CommandParserKArgTest" executed="True" result="Success" success="True" time="0.002" asserts="1" />
              <test-case name="CommandParserTest.CommandParserTest.CommandParserKEmptyValueArgTest" executed="True" result="Success" success="True" time="0.000" asserts="1" />
              <test-case name="CommandParserTest.CommandParserTest.CommandParserPingArgTest" executed="True" result="Success" success="True" time="0.000" asserts="1" />
              <test-case name="CommandParserTest.CommandParserTest.CommandParserPrintArgTest" executed="True" result="Success" success="True" time="0.000" asserts="1" />
              <test-case name="CommandParserTest.CommandParserTest.CommandParserUnsupportedArgTest" executed="True" result="Success" success="True" time="0.000" asserts="1" />
            </results>
          </test-suite>
        </results>
      </test-suite>
    </results>
  </test-suite>
</test-results>